# JRE version: OpenJDK Runtime Environment Temurin-17.0.15+6 (17.0.15+6) (build 17.0.15+6)
# Java VM: OpenJDK 64-Bit Server VM Temurin-17.0.15+6 (17.0.15+6, mixed mode, sharing, tiered, compressed oops, compressed class ptrs, g1 gc, windows-amd64)
GC Precious Log:
 CPUs: 8 total, 8 available
 Memory: 8050M
 Large Page Support: Disabled
 NUMA Support: Disabled
 Compressed Oops: Enabled (32-bit)
 Heap Region Size: 1M
 Heap Min Capacity: 8M
 Heap Initial Capacity: 126M
 Heap Max Capacity: 2014M
 Pre-touch: Disabled
 Parallel Workers: 8
 Concurrent Workers: 2
 Concurrent Refinement Workers: 8
 Periodic GC: Disabled
Heap:
 garbage-first heap   total 55296K, used 35630K [0x0000000082200000, 0x0000000100000000)
  region size 1024K, 9 young (9216K), 1 survivors (1024K)
 Metaspace       used 37990K, committed 38464K, reserved 1114112K
  class space    used 4900K, committed 5120K, reserved 1048576K
GC Heap History (20 events):
Event: 7.198 GC heap before
{Heap before GC invocations=5 (full 0):
 garbage-first heap   total 55296K, used 36602K [0x0000000082200000, 0x0000000100000000)
  region size 1024K, 26 young (26624K), 7 survivors (7168K)
 Metaspace       used 27480K, committed 27776K, reserved 1114112K
  class space    used 3561K, committed 3712K, reserved 1048576K
}
Event: 7.208 GC heap after
{Heap after GC invocations=6 (full 0):
 garbage-first heap   total 55296K, used 19504K [0x0000000082200000, 0x0000000100000000)
  region size 1024K, 3 young (3072K), 3 survivors (3072K)
 Metaspace       used 27480K, committed 27776K, reserved 1114112K
  class space    used 3561K, committed 3712K, reserved 1048576K
}
Event: 7.818 GC heap before
{Heap before GC invocations=6 (full 0):
 garbage-first heap   total 55296K, used 37936K [0x0000000082200000, 0x0000000100000000)
  region size 1024K, 21 young (21504K), 3 survivors (3072K)
 Metaspace       used 28868K, committed 29248K, reserved 1114112K
  class space    used 3696K, committed 3840K, reserved 1048576K
}
Event: 7.822 GC heap after
{Heap after GC invocations=7 (full 0):
 garbage-first heap   total 55296K, used 21421K [0x0000000082200000, 0x0000000100000000)
  region size 1024K, 3 young (3072K), 3 survivors (3072K)
 Metaspace       used 28868K, committed 29248K, reserved 1114112K
  class space    used 3696K, committed 3840K, reserved 1048576K
}
Event: 8.446 GC heap before
{Heap before GC invocations=7 (full 0):
 garbage-first heap   total 55296K, used 38829K [0x0000000082200000, 0x0000000100000000)
  region size 1024K, 20 young (20480K), 3 survivors (3072K)
 Metaspace       used 29421K, committed 29760K, reserved 1114112K
  class space    used 3765K, committed 3968K, reserved 1048576K
}
Event: 8.450 GC heap after
{Heap after GC invocations=8 (full 0):
 garbage-first heap   total 55296K, used 23166K [0x0000000082200000, 0x0000000100000000)
  region size 1024K, 2 young (2048K), 2 survivors (2048K)
 Metaspace       used 29421K, committed 29760K, reserved 1114112K
  class space    used 3765K, committed 3968K, reserved 1048576K
}
Event: 9.128 GC heap before
{Heap before GC invocations=8 (full 0):
 garbage-first heap   total 55296K, used 40574K [0x0000000082200000, 0x0000000100000000)
  region size 1024K, 19 young (19456K), 2 survivors (2048K)
 Metaspace       used 30556K, committed 30976K, reserved 1114112K
  class space    used 3903K, committed 4096K, reserved 1048576K
}
Event: 9.133 GC heap after
{Heap after GC invocations=9 (full 0):
 garbage-first heap   total 55296K, used 24396K [0x0000000082200000, 0x0000000100000000)
  region size 1024K, 2 young (2048K), 2 survivors (2048K)
 Metaspace       used 30556K, committed 30976K, reserved 1114112K
  class space    used 3903K, committed 4096K, reserved 1048576K
}
Event: 9.764 GC heap before
{Heap before GC invocations=9 (full 0):
 garbage-first heap   total 55296K, used 40780K [0x0000000082200000, 0x0000000100000000)
  region size 1024K, 18 young (18432K), 2 survivors (2048K)
 Metaspace       used 31938K, committed 32256K, reserved 1114112K
  class space    used 4078K, committed 4224K, reserved 1048576K
}
Event: 9.768 GC heap after
{Heap after GC invocations=10 (full 0):
 garbage-first heap   total 55296K, used 25452K [0x0000000082200000, 0x0000000100000000)
  region size 1024K, 3 young (3072K), 3 survivors (3072K)
 Metaspace       used 31938K, committed 32256K, reserved 1114112K
  class space    used 4078K, committed 4224K, reserved 1048576K
}
Event: 10.541 GC heap before
{Heap before GC invocations=10 (full 0):
 garbage-first heap   total 55296K, used 41836K [0x0000000082200000, 0x0000000100000000)
  region size 1024K, 19 young (19456K), 3 survivors (3072K)
 Metaspace       used 33449K, committed 33792K, reserved 1114112K
  class space    used 4256K, committed 4416K, reserved 1048576K
}
Event: 10.547 GC heap after
{Heap after GC invocations=11 (full 0):
 garbage-first heap   total 55296K, used 27030K [0x0000000082200000, 0x0000000100000000)
  region size 1024K, 3 young (3072K), 3 survivors (3072K)
 Metaspace       used 33449K, committed 33792K, reserved 1114112K
  class space    used 4256K, committed 4416K, reserved 1048576K
}
Event: 12.795 GC heap before
{Heap before GC invocations=11 (full 0):
 garbage-first heap   total 55296K, used 43414K [0x0000000082200000, 0x0000000100000000)
  region size 1024K, 19 young (19456K), 3 survivors (3072K)
 Metaspace       used 34749K, committed 35072K, reserved 1114112K
  class space    used 4409K, committed 4544K, reserved 1048576K
}
Event: 12.801 GC heap after
{Heap after GC invocations=12 (full 0):
 garbage-first heap   total 55296K, used 27901K [0x0000000082200000, 0x0000000100000000)
  region size 1024K, 3 young (3072K), 3 survivors (3072K)
 Metaspace       used 34749K, committed 35072K, reserved 1114112K
  class space    used 4409K, committed 4544K, reserved 1048576K
}
Event: 13.562 GC heap before
{Heap before GC invocations=12 (full 0):
 garbage-first heap   total 55296K, used 43261K [0x0000000082200000, 0x0000000100000000)
  region size 1024K, 18 young (18432K), 3 survivors (3072K)
 Metaspace       used 35511K, committed 35904K, reserved 1114112K
  class space    used 4541K, committed 4736K, reserved 1048576K
}
Event: 13.568 GC heap after
{Heap after GC invocations=13 (full 0):
 garbage-first heap   total 55296K, used 28462K [0x0000000082200000, 0x0000000100000000)
  region size 1024K, 2 young (2048K), 2 survivors (2048K)
 Metaspace       used 35511K, committed 35904K, reserved 1114112K
  class space    used 4541K, committed 4736K, reserved 1048576K
}
Event: 14.340 GC heap before
{Heap before GC invocations=14 (full 0):
 garbage-first heap   total 55296K, used 43822K [0x0000000082200000, 0x0000000100000000)
  region size 1024K, 17 young (17408K), 2 survivors (2048K)
 Metaspace       used 37159K, committed 37632K, reserved 1114112K
  class space    used 4772K, committed 4992K, reserved 1048576K
}
Event: 14.344 GC heap after
{Heap after GC invocations=15 (full 0):
 garbage-first heap   total 55296K, used 29227K [0x0000000082200000, 0x0000000100000000)
  region size 1024K, 3 young (3072K), 3 survivors (3072K)
 Metaspace       used 37159K, committed 37632K, reserved 1114112K
  class space    used 4772K, committed 4992K, reserved 1048576K
}
Event: 14.398 GC heap before
{Heap before GC invocations=15 (full 0):
 garbage-first heap   total 55296K, used 30251K [0x0000000082200000, 0x0000000100000000)
  region size 1024K, 4 young (4096K), 3 survivors (3072K)
 Metaspace       used 37262K, committed 37696K, reserved 1114112K
  class space    used 4786K, committed 4992K, reserved 1048576K
}
Event: 14.402 GC heap after
{Heap after GC invocations=16 (full 0):
 garbage-first heap   total 55296K, used 28462K [0x0000000082200000, 0x0000000100000000)
  region size 1024K, 1 young (1024K), 1 survivors (1024K)
 Metaspace       used 37262K, committed 37696K, reserved 1114112K
  class space    used 4786K, committed 4992K, reserved 1048576K
}

