# JRE version: OpenJDK Runtime Environment Temurin-17.0.15+6 (17.0.15+6) (build 17.0.15+6)
# Java VM: OpenJDK 64-Bit Server VM Temurin-17.0.15+6 (17.0.15+6, mixed mode, sharing, tiered, compressed oops, compressed class ptrs, g1 gc, windows-amd64)
GC Precious Log:
 CPUs: 8 total, 8 available
 Memory: 16242M
 Large Page Support: Disabled
 NUMA Support: Disabled
 Compressed Oops: Enabled (Zero based)
 Heap Region Size: 2M
 Heap Min Capacity: 8M
 Heap Initial Capacity: 254M
 Heap Max Capacity: 4062M
 Pre-touch: Disabled
 Parallel Workers: 8
 Concurrent Workers: 2
 Concurrent Refinement Workers: 8
 Periodic GC: Disabled
Heap:
 garbage-first heap   total 268288K, used 122728K [0x0000000702200000, 0x0000000800000000)
  region size 2048K, 13 young (26624K), 1 survivors (2048K)
 Metaspace       used 111515K, committed 112384K, reserved 1179648K
  class space    used 14486K, committed 14912K, reserved 1048576K
GC Heap History (20 events):
Event: 28.403 GC heap before
{Heap before GC invocations=36 (full 0):
 garbage-first heap   total 204800K, used 160300K [0x0000000702200000, 0x0000000800000000)
  region size 2048K, 38 young (77824K), 5 survivors (10240K)
 Metaspace       used 87740K, committed 88384K, reserved 1179648K
  class space    used 11771K, committed 12096K, reserved 1048576K
}
Event: 28.415 GC heap after
{Heap after GC invocations=37 (full 0):
 garbage-first heap   total 204800K, used 95706K [0x0000000702200000, 0x0000000800000000)
  region size 2048K, 2 young (4096K), 2 survivors (4096K)
 Metaspace       used 87740K, committed 88384K, reserved 1179648K
  class space    used 11771K, committed 12096K, reserved 1048576K
}
Event: 28.929 GC heap before
{Heap before GC invocations=37 (full 0):
 garbage-first heap   total 204800K, used 163290K [0x0000000702200000, 0x0000000800000000)
  region size 2048K, 35 young (71680K), 2 survivors (4096K)
 Metaspace       used 88622K, committed 89280K, reserved 1179648K
  class space    used 11841K, committed 12160K, reserved 1048576K
}
Event: 28.935 GC heap after
{Heap after GC invocations=38 (full 0):
 garbage-first heap   total 204800K, used 98177K [0x0000000702200000, 0x0000000800000000)
  region size 2048K, 4 young (8192K), 4 survivors (8192K)
 Metaspace       used 88622K, committed 89280K, reserved 1179648K
  class space    used 11841K, committed 12160K, reserved 1048576K
}
Event: 29.361 GC heap before
{Heap before GC invocations=38 (full 0):
 garbage-first heap   total 204800K, used 165761K [0x0000000702200000, 0x0000000800000000)
  region size 2048K, 37 young (75776K), 4 survivors (8192K)
 Metaspace       used 89241K, committed 89856K, reserved 1179648K
  class space    used 11869K, committed 12160K, reserved 1048576K
}
Event: 29.371 GC heap after
{Heap after GC invocations=39 (full 0):
 garbage-first heap   total 268288K, used 102422K [0x0000000702200000, 0x0000000800000000)
  region size 2048K, 4 young (8192K), 4 survivors (8192K)
 Metaspace       used 89241K, committed 89856K, reserved 1179648K
  class space    used 11869K, committed 12160K, reserved 1048576K
}
Event: 30.376 GC heap before
{Heap before GC invocations=39 (full 0):
 garbage-first heap   total 268288K, used 215062K [0x0000000702200000, 0x0000000800000000)
  region size 2048K, 59 young (120832K), 4 survivors (8192K)
 Metaspace       used 90805K, committed 91520K, reserved 1179648K
  class space    used 11956K, committed 12288K, reserved 1048576K
}
Event: 30.386 GC heap after
{Heap after GC invocations=40 (full 0):
 garbage-first heap   total 268288K, used 107075K [0x0000000702200000, 0x0000000800000000)
  region size 2048K, 6 young (12288K), 6 survivors (12288K)
 Metaspace       used 90805K, committed 91520K, reserved 1179648K
  class space    used 11956K, committed 12288K, reserved 1048576K
}
Event: 32.025 GC heap before
{Heap before GC invocations=40 (full 0):
 garbage-first heap   total 268288K, used 217667K [0x0000000702200000, 0x0000000800000000)
  region size 2048K, 60 young (122880K), 6 survivors (12288K)
 Metaspace       used 95698K, committed 96384K, reserved 1179648K
  class space    used 12576K, committed 12928K, reserved 1048576K
}
Event: 32.038 GC heap after
{Heap after GC invocations=41 (full 0):
 garbage-first heap   total 268288K, used 111600K [0x0000000702200000, 0x0000000800000000)
  region size 2048K, 6 young (12288K), 6 survivors (12288K)
 Metaspace       used 95698K, committed 96384K, reserved 1179648K
  class space    used 12576K, committed 12928K, reserved 1048576K
}
Event: 33.424 GC heap before
{Heap before GC invocations=41 (full 0):
 garbage-first heap   total 268288K, used 218096K [0x0000000702200000, 0x0000000800000000)
  region size 2048K, 58 young (118784K), 6 survivors (12288K)
 Metaspace       used 98599K, committed 99328K, reserved 1179648K
  class space    used 13003K, committed 13376K, reserved 1048576K
}
Event: 33.438 GC heap after
{Heap after GC invocations=42 (full 0):
 garbage-first heap   total 268288K, used 116119K [0x0000000702200000, 0x0000000800000000)
  region size 2048K, 5 young (10240K), 5 survivors (10240K)
 Metaspace       used 98599K, committed 99328K, reserved 1179648K
  class space    used 13003K, committed 13376K, reserved 1048576K
}
Event: 34.499 GC heap before
{Heap before GC invocations=42 (full 0):
 garbage-first heap   total 268288K, used 220567K [0x0000000702200000, 0x0000000800000000)
  region size 2048K, 56 young (114688K), 5 survivors (10240K)
 Metaspace       used 101154K, committed 101952K, reserved 1179648K
  class space    used 13358K, committed 13760K, reserved 1048576K
}
Event: 34.511 GC heap after
{Heap after GC invocations=43 (full 0):
 garbage-first heap   total 268288K, used 120227K [0x0000000702200000, 0x0000000800000000)
  region size 2048K, 5 young (10240K), 5 survivors (10240K)
 Metaspace       used 101154K, committed 101952K, reserved 1179648K
  class space    used 13358K, committed 13760K, reserved 1048576K
}
Event: 1162.512 GC heap before
{Heap before GC invocations=43 (full 0):
 garbage-first heap   total 268288K, used 210339K [0x0000000702200000, 0x0000000800000000)
  region size 2048K, 50 young (102400K), 5 survivors (10240K)
 Metaspace       used 107951K, committed 108736K, reserved 1179648K
  class space    used 14085K, committed 14528K, reserved 1048576K
}
Event: 1162.524 GC heap after
{Heap after GC invocations=44 (full 0):
 garbage-first heap   total 268288K, used 123038K [0x0000000702200000, 0x0000000800000000)
  region size 2048K, 4 young (8192K), 4 survivors (8192K)
 Metaspace       used 107951K, committed 108736K, reserved 1179648K
  class space    used 14085K, committed 14528K, reserved 1048576K
}
Event: 5330.245 GC heap before
{Heap before GC invocations=45 (full 0):
 garbage-first heap   total 268288K, used 217246K [0x0000000702200000, 0x0000000800000000)
  region size 2048K, 53 young (108544K), 4 survivors (8192K)
 Metaspace       used 111153K, committed 112064K, reserved 1179648K
  class space    used 14463K, committed 14912K, reserved 1048576K
}
Event: 5330.297 GC heap after
{Heap after GC invocations=46 (full 0):
 garbage-first heap   total 268288K, used 119045K [0x0000000702200000, 0x0000000800000000)
  region size 2048K, 5 young (10240K), 5 survivors (10240K)
 Metaspace       used 111153K, committed 112064K, reserved 1179648K
  class space    used 14463K, committed 14912K, reserved 1048576K
}
Event: 5345.956 GC heap before
{Heap before GC invocations=46 (full 0):
 garbage-first heap   total 268288K, used 121093K [0x0000000702200000, 0x0000000800000000)
  region size 2048K, 6 young (12288K), 5 survivors (10240K)
 Metaspace       used 111160K, committed 112064K, reserved 1179648K
  class space    used 14463K, committed 14912K, reserved 1048576K
}
Event: 5345.986 GC heap after
{Heap after GC invocations=47 (full 0):
 garbage-first heap   total 268288K, used 100200K [0x0000000702200000, 0x0000000800000000)
  region size 2048K, 1 young (2048K), 1 survivors (2048K)
 Metaspace       used 111160K, committed 112064K, reserved 1179648K
  class space    used 14463K, committed 14912K, reserved 1048576K
}

