# JRE version: OpenJDK Runtime Environment Temurin-17.0.15+6 (17.0.15+6) (build 17.0.15+6)
# Java VM: OpenJDK 64-Bit Server VM Temurin-17.0.15+6 (17.0.15+6, mixed mode, sharing, tiered, compressed oops, compressed class ptrs, g1 gc, windows-amd64)
GC Precious Log:
 CPUs: 8 total, 8 available
 Memory: 8050M
 Large Page Support: Disabled
 NUMA Support: Disabled
 Compressed Oops: Enabled (32-bit)
 Heap Region Size: 1M
 Heap Min Capacity: 8M
 Heap Initial Capacity: 126M
 Heap Max Capacity: 2014M
 Pre-touch: Disabled
 Parallel Workers: 8
 Concurrent Workers: 2
 Concurrent Refinement Workers: 8
 Periodic GC: Disabled
Heap:
 garbage-first heap   total 313344K, used 152630K [0x0000000082200000, 0x0000000100000000)
  region size 1024K, 82 young (83968K), 4 survivors (4096K)
 Metaspace       used 101764K, committed 102656K, reserved 1179648K
  class space    used 13723K, committed 14144K, reserved 1048576K
GC Heap History (20 events):
Event: 29.093 GC heap before
{Heap before GC invocations=40 (full 0):
 garbage-first heap   total 103424K, used 85139K [0x0000000082200000, 0x0000000100000000)
  region size 1024K, 34 young (34816K), 2 survivors (2048K)
 Metaspace       used 83324K, committed 83968K, reserved 1179648K
  class space    used 11340K, committed 11648K, reserved 1048576K
}
Event: 29.099 GC heap after
{Heap after GC invocations=41 (full 0):
 garbage-first heap   total 103424K, used 54995K [0x0000000082200000, 0x0000000100000000)
  region size 1024K, 5 young (5120K), 5 survivors (5120K)
 Metaspace       used 83324K, committed 83968K, reserved 1179648K
  class space    used 11340K, committed 11648K, reserved 1048576K
}
Event: 29.218 GC heap before
{Heap before GC invocations=41 (full 0):
 garbage-first heap   total 103424K, used 83667K [0x0000000082200000, 0x0000000100000000)
  region size 1024K, 33 young (33792K), 5 survivors (5120K)
 Metaspace       used 83337K, committed 83968K, reserved 1179648K
  class space    used 11340K, committed 11648K, reserved 1048576K
}
Event: 29.226 GC heap after
{Heap after GC invocations=42 (full 0):
 garbage-first heap   total 103424K, used 59756K [0x0000000082200000, 0x0000000100000000)
  region size 1024K, 5 young (5120K), 5 survivors (5120K)
 Metaspace       used 83337K, committed 83968K, reserved 1179648K
  class space    used 11340K, committed 11648K, reserved 1048576K
}
Event: 29.327 GC heap before
{Heap before GC invocations=42 (full 0):
 garbage-first heap   total 103424K, used 81260K [0x0000000082200000, 0x0000000100000000)
  region size 1024K, 27 young (27648K), 5 survivors (5120K)
 Metaspace       used 83338K, committed 83968K, reserved 1179648K
  class space    used 11340K, committed 11648K, reserved 1048576K
}
Event: 29.340 GC heap after
{Heap after GC invocations=43 (full 0):
 garbage-first heap   total 156672K, used 66391K [0x0000000082200000, 0x0000000100000000)
  region size 1024K, 4 young (4096K), 4 survivors (4096K)
 Metaspace       used 83338K, committed 83968K, reserved 1179648K
  class space    used 11340K, committed 11648K, reserved 1048576K
}
Event: 30.176 GC heap before
{Heap before GC invocations=43 (full 0):
 garbage-first heap   total 156672K, used 123735K [0x0000000082200000, 0x0000000100000000)
  region size 1024K, 60 young (61440K), 4 survivors (4096K)
 Metaspace       used 84366K, committed 84928K, reserved 1179648K
  class space    used 11434K, committed 11712K, reserved 1048576K
}
Event: 30.187 GC heap after
{Heap after GC invocations=44 (full 0):
 garbage-first heap   total 156672K, used 69990K [0x0000000082200000, 0x0000000100000000)
  region size 1024K, 8 young (8192K), 8 survivors (8192K)
 Metaspace       used 84366K, committed 84928K, reserved 1179648K
  class space    used 11434K, committed 11712K, reserved 1048576K
}
Event: 30.807 GC heap before
{Heap before GC invocations=44 (full 0):
 garbage-first heap   total 156672K, used 124262K [0x0000000082200000, 0x0000000100000000)
  region size 1024K, 61 young (62464K), 8 survivors (8192K)
 Metaspace       used 84990K, committed 85632K, reserved 1179648K
  class space    used 11489K, committed 11776K, reserved 1048576K
}
Event: 30.817 GC heap after
{Heap after GC invocations=45 (full 0):
 garbage-first heap   total 156672K, used 71840K [0x0000000082200000, 0x0000000100000000)
  region size 1024K, 6 young (6144K), 6 survivors (6144K)
 Metaspace       used 84990K, committed 85632K, reserved 1179648K
  class space    used 11489K, committed 11776K, reserved 1048576K
}
Event: 31.565 GC heap before
{Heap before GC invocations=45 (full 0):
 garbage-first heap   total 156672K, used 126112K [0x0000000082200000, 0x0000000100000000)
  region size 1024K, 59 young (60416K), 6 survivors (6144K)
 Metaspace       used 86176K, committed 86848K, reserved 1179648K
  class space    used 11572K, committed 11904K, reserved 1048576K
}
Event: 31.574 GC heap after
{Heap after GC invocations=46 (full 0):
 garbage-first heap   total 156672K, used 74465K [0x0000000082200000, 0x0000000100000000)
  region size 1024K, 5 young (5120K), 5 survivors (5120K)
 Metaspace       used 86176K, committed 86848K, reserved 1179648K
  class space    used 11572K, committed 11904K, reserved 1048576K
}
Event: 33.019 GC heap before
{Heap before GC invocations=46 (full 0):
 garbage-first heap   total 156672K, used 127713K [0x0000000082200000, 0x0000000100000000)
  region size 1024K, 57 young (58368K), 5 survivors (5120K)
 Metaspace       used 89109K, committed 89792K, reserved 1179648K
  class space    used 11967K, committed 12288K, reserved 1048576K
}
Event: 33.032 GC heap after
{Heap after GC invocations=47 (full 0):
 garbage-first heap   total 156672K, used 77824K [0x0000000082200000, 0x0000000100000000)
  region size 1024K, 6 young (6144K), 6 survivors (6144K)
 Metaspace       used 89109K, committed 89792K, reserved 1179648K
  class space    used 11967K, committed 12288K, reserved 1048576K
}
Event: 34.749 GC heap before
{Heap before GC invocations=48 (full 0):
 garbage-first heap   total 156672K, used 129024K [0x0000000082200000, 0x0000000100000000)
  region size 1024K, 56 young (57344K), 6 survivors (6144K)
 Metaspace       used 89941K, committed 90624K, reserved 1179648K
  class space    used 12173K, committed 12480K, reserved 1048576K
}
Event: 34.763 GC heap after
{Heap after GC invocations=49 (full 0):
 garbage-first heap   total 156672K, used 81068K [0x0000000082200000, 0x0000000100000000)
  region size 1024K, 7 young (7168K), 7 survivors (7168K)
 Metaspace       used 89941K, committed 90624K, reserved 1179648K
  class space    used 12173K, committed 12480K, reserved 1048576K
}
Event: 34.788 GC heap before
{Heap before GC invocations=49 (full 0):
 garbage-first heap   total 156672K, used 82092K [0x0000000082200000, 0x0000000100000000)
  region size 1024K, 8 young (8192K), 7 survivors (7168K)
 Metaspace       used 89947K, committed 90624K, reserved 1179648K
  class space    used 12173K, committed 12480K, reserved 1048576K
}
Event: 34.798 GC heap after
{Heap after GC invocations=50 (full 0):
 garbage-first heap   total 156672K, used 72527K [0x0000000082200000, 0x0000000100000000)
  region size 1024K, 1 young (1024K), 1 survivors (1024K)
 Metaspace       used 89947K, committed 90624K, reserved 1179648K
  class space    used 12173K, committed 12480K, reserved 1048576K
}
Event: 37.184 GC heap before
{Heap before GC invocations=50 (full 0):
 garbage-first heap   total 156672K, used 128847K [0x0000000082200000, 0x0000000100000000)
  region size 1024K, 56 young (57344K), 1 survivors (1024K)
 Metaspace       used 92160K, committed 92864K, reserved 1179648K
  class space    used 12489K, committed 12864K, reserved 1048576K
}
Event: 37.195 GC heap after
{Heap after GC invocations=51 (full 0):
 garbage-first heap   total 313344K, used 74806K [0x0000000082200000, 0x0000000100000000)
  region size 1024K, 4 young (4096K), 4 survivors (4096K)
 Metaspace       used 92160K, committed 92864K, reserved 1179648K
  class space    used 12489K, committed 12864K, reserved 1048576K
}

